{"C:\\Users\\mstackpo\\Guber\\GuberApp\\tests\\angularApp-spec.js":{"path":"C:\\Users\\mstackpo\\Guber\\GuberApp\\tests\\angularApp-spec.js","s":{"1":1,"2":0,"3":0,"4":0,"5":0,"6":0,"7":0,"8":0,"9":0,"10":0,"11":0,"12":0,"13":0,"14":0,"15":0,"16":0,"17":0,"18":0,"19":0,"20":0,"21":0},"b":{},"f":{"1":0,"2":0,"3":0,"4":0,"5":0,"6":0,"7":0},"fnMap":{"1":{"name":"(anonymous_1)","line":1,"loc":{"start":{"line":1,"column":32},"end":{"line":1,"column":43}}},"2":{"name":"(anonymous_2)","line":8,"loc":{"start":{"line":8,"column":20},"end":{"line":8,"column":55}}},"3":{"name":"(anonymous_3)","line":15,"loc":{"start":{"line":15,"column":24},"end":{"line":15,"column":36}}},"4":{"name":"(anonymous_4)","line":21,"loc":{"start":{"line":21,"column":26},"end":{"line":21,"column":37}}},"5":{"name":"(anonymous_5)","line":26,"loc":{"start":{"line":26,"column":13},"end":{"line":26,"column":24}}},"6":{"name":"(anonymous_6)","line":29,"loc":{"start":{"line":29,"column":12},"end":{"line":29,"column":32}}},"7":{"name":"(anonymous_7)","line":36,"loc":{"start":{"line":36,"column":40},"end":{"line":36,"column":51}}}},"statementMap":{"1":{"start":{"line":1,"column":0},"end":{"line":19,"column":3}},"2":{"start":{"line":3,"column":2},"end":{"line":3,"column":22}},"3":{"start":{"line":4,"column":2},"end":{"line":4,"column":19}},"4":{"start":{"line":6,"column":2},"end":{"line":6,"column":30}},"5":{"start":{"line":8,"column":2},"end":{"line":13,"column":6}},"6":{"start":{"line":9,"column":4},"end":{"line":9,"column":30}},"7":{"start":{"line":10,"column":4},"end":{"line":12,"column":7}},"8":{"start":{"line":15,"column":2},"end":{"line":17,"column":5}},"9":{"start":{"line":16,"column":4},"end":{"line":16,"column":58}},"10":{"start":{"line":21,"column":0},"end":{"line":42,"column":3}},"11":{"start":{"line":23,"column":2},"end":{"line":23,"column":11}},"12":{"start":{"line":24,"column":2},"end":{"line":24,"column":20}},"13":{"start":{"line":26,"column":2},"end":{"line":34,"column":5}},"14":{"start":{"line":27,"column":4},"end":{"line":27,"column":20}},"15":{"start":{"line":29,"column":4},"end":{"line":31,"column":7}},"16":{"start":{"line":30,"column":6},"end":{"line":30,"column":35}},"17":{"start":{"line":33,"column":4},"end":{"line":33,"column":56}},"18":{"start":{"line":36,"column":2},"end":{"line":40,"column":5}},"19":{"start":{"line":37,"column":4},"end":{"line":37,"column":61}},"20":{"start":{"line":38,"column":4},"end":{"line":38,"column":25}},"21":{"start":{"line":39,"column":4},"end":{"line":39,"column":39}}},"branchMap":{}}}